2023-06-01 17:28:56: l18121537@morelia.tecnm.mx actualizó el estado de la vacante (id: 13) a Aceptada.
2023-06-01 17:34:52: l18121537@morelia.tecnm.mx elimino la vacante (id: 16).
2023-06-01 17:39:26: l18121537@morelia.tecnm.mx actualizó el estado de la vacante (id: 15) a Oculta.
2023-06-01 17:47:47: l18121537@morelia.tecnm.mx actualizó el estado de la vacante (id: 15) a Visible.
2023-06-01 17:47:53: l18121537@morelia.tecnm.mx actualizó el estado de la vacante (id: 15) a Rechazada.
2023-06-01 17:47:59: l18121537@morelia.tecnm.mx elimino la vacante (id: 15).
2023-06-01 17:48:03: l18121537@morelia.tecnm.mx elimino la vacante (id: 13).
2023-06-01 17:48:07: l18121537@morelia.tecnm.mx elimino la vacante (id: 12).
2023-06-01 17:51:27: l18121537@morelia.tecnm.mx actualizó el estado de la vacante (id: 17) a Aceptada.
2023-06-01 17:51:29: l18121537@morelia.tecnm.mx actualizó el estado de la vacante (id: 17) a Visible.
2023-06-01 19:40:48: 2023000001 elimino la vacante (id: 14).
2023-06-01 19:49:02: 2023000001 actualizó el estado de la vacante (id: 17) a Oculta.
2023-06-01 19:49:06: 2023000001 actualizó el estado de la vacante (id: 17) a Visible.
2023-06-01 19:52:51: 2023000001 actualizó el estado de la vacante (id: 18) a Visible.
2023-06-01 20:08:35: l18121537@morelia.tecnm.mx actualizó el estado de la vacante (id: 18) a Aceptada.
2023-06-02 05:00:36: 2023000003 actualizó el estado de la vacante (id: 19) a Visible.
2023-06-02 05:01:30: l18121537@morelia.tecnm.mx actualizó el estado de la vacante (id: 19) a Aceptada.
2023-06-02 05:29:17: 2023000004 actualizó el estado de la vacante (id: 20) a Visible.
2023-06-02 05:30:28: l18121537@morelia.tecnm.mx actualizó el estado de la vacante (id: 20) a Aceptada.
2023-06-02 07:23:43: l18121537@morelia.tecnm.mx actualizó el estado de la vacante (id: 7) a Rechazada.
2023-06-02 07:24:01: l18121537@morelia.tecnm.mx actualizó el estado de la vacante (id: 7) a Aceptada.
2023-06-02 07:24:10: l18121537@morelia.tecnm.mx actualizó el estado de la vacante (id: 7) a Rechazada.
2023-06-02 07:24:17: l18121537@morelia.tecnm.mx actualizó el estado de la vacante (id: 11) a Oculta.
2023-06-02 19:53:07: 2023000001 elimino la vacante (id: 18).
